<?xml version="1.0" encoding="UTF-8"?>
<!-- Generated by org.testng.reporters.JUnitXMLReporter -->
<testsuite hostname="STI-D01-YOGESHA" ignored="0" name="Default test" tests="3" failures="0" timestamp="06 Feb 2018 11:35:36 GMT" time="201.101" errors="0">
  <testcase name="HomePageNavigateTest" time="38.444" classname="com.pa.qa.testcases.TestCases"/>
  <testcase name="HomePageTest" time="10.722" classname="com.pa.qa.testcases.TestCases"/>
  <testcase name="LogInToApp" time="46.845" classname="com.pa.qa.testcases.TestCases"/>
</testsuite> <!-- Default test -->
